{"level":"info","message":"Listening on port 3000...","timestamp":"2019-10-02T11:25:51.569Z"}
{"message":"connect ECONNREFUSED 127.0.0.1:27017","stack":"Error: connect ECONNREFUSED 127.0.0.1:27017\n    at TCPConnectWrap.afterConnect [as oncomplete] (net.js:1106:14)","name":"MongoNetworkError","errorLabels":["TransientTransactionError"],"level":"error","timestamp":"2019-10-02T11:25:53.653Z"}
{"level":"info","message":"Listening on port 3000...","timestamp":"2019-10-02T11:26:13.475Z"}
{"message":"connect ECONNREFUSED 127.0.0.1:27017","stack":"Error: connect ECONNREFUSED 127.0.0.1:27017\n    at TCPConnectWrap.afterConnect [as oncomplete] (net.js:1106:14)","name":"MongoNetworkError","errorLabels":["TransientTransactionError"],"level":"error","timestamp":"2019-10-02T11:26:15.554Z"}
{"level":"info","message":"Listening on port 3000...","timestamp":"2019-10-02T11:34:58.215Z"}
{"message":"database names cannot contain the character ' '","stack":"MongoError: database names cannot contain the character ' '\n    at Function.create (C:\\Users\\HiQUser\\Desktop\\Västerås golfklubb\\node_modules\\mongodb\\lib\\core\\error.js:44:12)\n    at validateDatabaseName (C:\\Users\\HiQUser\\Desktop\\Västerås golfklubb\\node_modules\\mongodb\\lib\\operations\\db_ops.js:557:24)\n    at new Db (C:\\Users\\HiQUser\\Desktop\\Västerås golfklubb\\node_modules\\mongodb\\lib\\db.js:190:3)\n    at MongoClient.db (C:\\Users\\HiQUser\\Desktop\\Västerås golfklubb\\node_modules\\mongodb\\lib\\mongo_client.js:275:14)\n    at C:\\Users\\HiQUser\\Desktop\\Västerås golfklubb\\node_modules\\mongoose\\lib\\connection.js:638:62\n    at result (C:\\Users\\HiQUser\\Desktop\\Västerås golfklubb\\node_modules\\mongodb\\lib\\operations\\execute_operation.js:75:17)\n    at executeCallback (C:\\Users\\HiQUser\\Desktop\\Västerås golfklubb\\node_modules\\mongodb\\lib\\operations\\execute_operation.js:68:9)\n    at err (C:\\Users\\HiQUser\\Desktop\\Västerås golfklubb\\node_modules\\mongodb\\lib\\operations\\connect.js:193:7)\n    at connectCallback (C:\\Users\\HiQUser\\Desktop\\Västerås golfklubb\\node_modules\\mongodb\\lib\\operations\\connect.js:340:5)\n    at topology.connect (C:\\Users\\HiQUser\\Desktop\\Västerås golfklubb\\node_modules\\mongodb\\lib\\operations\\connect.js:472:7)\n    at Server.connectHandler (C:\\Users\\HiQUser\\Desktop\\Västerås golfklubb\\node_modules\\mongodb\\lib\\core\\sdam\\topology.js:259:45)\n    at Object.onceWrapper (events.js:286:20)\n    at Server.emit (events.js:203:15)\n    at Pool.<anonymous> (C:\\Users\\HiQUser\\Desktop\\Västerås golfklubb\\node_modules\\mongodb\\lib\\core\\sdam\\server.js:470:12)\n    at Pool.emit (events.js:198:13)\n    at connect (C:\\Users\\HiQUser\\Desktop\\Västerås golfklubb\\node_modules\\mongodb\\lib\\core\\connection\\pool.js:624:10)","driver":true,"name":"MongoError","level":"error","timestamp":"2019-10-02T11:34:59.294Z"}
{"level":"info","message":"Listening on port 3000...","timestamp":"2019-10-02T11:36:00.573Z"}
{"level":"info","message":"Connected to mongodb://localhost/vasteras-golfklubb...","timestamp":"2019-10-02T11:36:01.597Z"}
{"message":"cb is not a function","stack":"TypeError: cb is not a function\n    at logDb.collection.insertOne.then.catch.err (C:\\Users\\HiQUser\\Desktop\\Västerås golfklubb\\node_modules\\winston-mongodb\\lib\\winston-mongodb.js:226:7)\n    at process._tickCallback (internal/process/next_tick.js:68:7)","level":"error","timestamp":"2019-10-02T11:36:01.743Z"}
{"level":"info","message":"Listening on port 3000...","timestamp":"2019-10-02T11:36:48.770Z"}
{"level":"info","message":"Connected to mongodb://localhost/vasteras-golfklubb...","timestamp":"2019-10-02T11:36:49.841Z"}
{"level":"info","message":"Listening on port 3000...","timestamp":"2019-10-02T11:38:10.019Z"}
{"level":"info","message":"Connected to mongodb://localhost/vasteras-golfklubb...","timestamp":"2019-10-02T11:38:11.091Z"}
{"level":"info","message":"Listening on port 3000...","timestamp":"2019-10-02T11:44:51.330Z"}
{"level":"info","message":"Connected to mongodb://localhost/vasteras-golfklubb...","timestamp":"2019-10-02T11:44:52.359Z"}
{"message":"cb is not a function","stack":"TypeError: cb is not a function\n    at logDb.collection.insertOne.then.catch.err (C:\\Users\\HiQUser\\Desktop\\Västerås golfklubb\\node_modules\\winston-mongodb\\lib\\winston-mongodb.js:226:7)\n    at process._tickCallback (internal/process/next_tick.js:68:7)","level":"error","timestamp":"2019-10-02T11:44:52.582Z"}
{"level":"info","message":"Listening on port 3000...","timestamp":"2019-10-02T11:46:51.137Z"}
{"level":"info","message":"Connected to mongodb://localhost/vasteras-golfklubb...","timestamp":"2019-10-02T11:46:52.179Z"}
{"level":"info","message":"Listening on port 3000...","timestamp":"2019-10-02T11:48:52.633Z"}
{"level":"info","message":"Connected to mongodb://localhost/vasteras-golfklubb...","timestamp":"2019-10-02T11:48:53.681Z"}
{"level":"info","message":"Listening on port 3000...","timestamp":"2019-10-02T11:49:16.514Z"}
{"level":"info","message":"Connected to mongodb://localhost/vasteras-golfklubb...","timestamp":"2019-10-02T11:49:17.559Z"}
{"level":"info","message":"Listening on port 3000...","timestamp":"2019-10-02T11:49:44.911Z"}
{"level":"info","message":"Connected to mongodb://localhost/vasteras-golfklubb...","timestamp":"2019-10-02T11:49:45.958Z"}
{"level":"info","message":"Listening on port 3000...","timestamp":"2019-10-02T11:49:52.910Z"}
{"level":"info","message":"Connected to mongodb://localhost/vasteras-golfklubb...","timestamp":"2019-10-02T11:49:53.950Z"}
{"level":"info","message":"Listening on port 3000...","timestamp":"2019-10-02T11:50:00.797Z"}
{"level":"info","message":"Connected to mongodb://localhost/vasteras-golfklubb...","timestamp":"2019-10-02T11:50:01.815Z"}
{"level":"info","message":"Listening on port 3000...","timestamp":"2019-10-02T11:50:39.661Z"}
{"level":"info","message":"Connected to mongodb://localhost/vasteras-golfklubb...","timestamp":"2019-10-02T11:50:40.679Z"}
{"level":"info","message":"Listening on port 3000...","timestamp":"2019-10-02T11:51:10.402Z"}
{"level":"info","message":"Connected to mongodb://localhost/vasteras-golfklubb...","timestamp":"2019-10-02T11:51:11.452Z"}
{"level":"info","message":"Listening on port 3000...","timestamp":"2019-10-02T11:51:54.019Z"}
{"level":"info","message":"Connected to mongodb://localhost/vasteras-golfklubb...","timestamp":"2019-10-02T11:51:55.035Z"}
{"level":"info","message":"Listening on port 3000...","timestamp":"2019-10-02T11:52:08.222Z"}
{"level":"info","message":"Connected to mongodb://localhost/vasteras-golfklubb...","timestamp":"2019-10-02T11:52:09.302Z"}
{"level":"info","message":"Listening on port 3000...","timestamp":"2019-10-02T11:53:18.737Z"}
{"level":"info","message":"Connected to mongodb://localhost/vasteras-golfklubb...","timestamp":"2019-10-02T11:53:19.753Z"}
{"level":"info","message":"Listening on port 3000...","timestamp":"2019-10-02T11:59:22.748Z"}
{"level":"info","message":"Connected to mongodb://localhost/vasteras-golfklubb...","timestamp":"2019-10-02T11:59:23.783Z"}
{"level":"info","message":"Listening on port 3000...","timestamp":"2019-10-02T12:00:07.015Z"}
{"level":"info","message":"Connected to mongodb://localhost/vasteras-golfklubb...","timestamp":"2019-10-02T12:00:08.032Z"}
{"level":"info","message":"Listening on port 3000...","timestamp":"2019-10-02T12:02:54.265Z"}
{"level":"info","message":"Connected to mongodb://localhost/vasteras-golfklubb...","timestamp":"2019-10-02T12:02:55.308Z"}
{"level":"info","message":"Listening on port 3000...","timestamp":"2019-10-02T12:02:59.639Z"}
{"level":"info","message":"Connected to mongodb://localhost/vasteras-golfklubb...","timestamp":"2019-10-02T12:03:00.677Z"}
{"level":"info","message":"Listening on port 3000...","timestamp":"2019-10-02T12:03:05.847Z"}
{"level":"info","message":"Connected to mongodb://localhost/vasteras-golfklubb...","timestamp":"2019-10-02T12:03:06.886Z"}
{"level":"info","message":"Listening on port 3000...","timestamp":"2019-10-02T12:03:10.384Z"}
{"level":"info","message":"Connected to mongodb://localhost/vasteras-golfklubb...","timestamp":"2019-10-02T12:03:11.430Z"}
{"level":"info","message":"Listening on port 3000...","timestamp":"2019-10-02T12:03:15.792Z"}
{"level":"info","message":"Connected to mongodb://localhost/vasteras-golfklubb...","timestamp":"2019-10-02T12:03:16.826Z"}
{"level":"info","message":"Listening on port 3000...","timestamp":"2019-10-02T12:03:20.265Z"}
{"level":"info","message":"Connected to mongodb://localhost/vasteras-golfklubb...","timestamp":"2019-10-02T12:03:21.313Z"}
{"level":"info","message":"Listening on port 3000...","timestamp":"2019-10-02T12:03:22.711Z"}
{"level":"info","message":"Connected to mongodb://localhost/vasteras-golfklubb...","timestamp":"2019-10-02T12:03:23.752Z"}
{"level":"info","message":"Listening on port 3000...","timestamp":"2019-10-02T12:03:29.166Z"}
{"level":"info","message":"Connected to mongodb://localhost/vasteras-golfklubb...","timestamp":"2019-10-02T12:03:30.214Z"}
{"level":"info","message":"Listening on port 3000...","timestamp":"2019-10-02T12:04:54.675Z"}
{"level":"info","message":"Connected to mongodb://localhost/vasteras-golfklubb...","timestamp":"2019-10-02T12:04:55.768Z"}
{"level":"info","message":"Listening on port 3000...","timestamp":"2019-10-03T06:19:45.175Z"}
{"level":"info","message":"Connected to mongodb://localhost/vasteras-golfklubb...","timestamp":"2019-10-03T06:19:46.190Z"}
{"level":"info","message":"Listening on port 3000...","timestamp":"2019-10-03T11:07:15.537Z"}
{"level":"info","message":"Connected to mongodb://localhost/vasteras-golfklubb...","timestamp":"2019-10-03T11:07:16.561Z"}
{"level":"info","message":"Listening on port 3000...","timestamp":"2019-10-03T16:23:23.758Z"}
{"level":"info","message":"Connected to mongodb://localhost/vasteras-golfklubb...","timestamp":"2019-10-03T16:23:25.773Z"}
{"level":"info","message":"Listening on port 3000...","timestamp":"2019-10-03T16:48:21.101Z"}
{"level":"info","message":"Connected to mongodb://localhost/vasteras-golfklubb...","timestamp":"2019-10-03T16:48:23.115Z"}
{"level":"info","message":"Listening on port 3000...","timestamp":"2019-10-03T16:49:57.558Z"}
{"level":"info","message":"Connected to mongodb://localhost/vasteras-golfklubb...","timestamp":"2019-10-03T16:49:59.573Z"}
{"level":"info","message":"Listening on port 3000...","timestamp":"2019-10-03T16:57:54.824Z"}
{"level":"info","message":"Connected to mongodb://localhost/vasteras-golfklubb...","timestamp":"2019-10-03T16:57:56.838Z"}
{"level":"info","message":"Listening on port 3000...","timestamp":"2019-10-03T16:58:12.927Z"}
{"level":"info","message":"Connected to mongodb://localhost/vasteras-golfklubb...","timestamp":"2019-10-03T16:58:14.942Z"}
{"level":"info","message":"Listening on port 3000...","timestamp":"2019-10-03T16:58:25.978Z"}
{"level":"info","message":"Connected to mongodb://localhost/vasteras-golfklubb...","timestamp":"2019-10-03T16:58:27.991Z"}
{"level":"info","message":"Listening on port 3000...","timestamp":"2019-10-03T16:58:37.966Z"}
{"level":"info","message":"Connected to mongodb://localhost/vasteras-golfklubb...","timestamp":"2019-10-03T16:58:39.980Z"}
{"level":"info","message":"Listening on port 3000...","timestamp":"2019-10-03T16:59:07.613Z"}
{"level":"info","message":"Connected to mongodb://localhost/vasteras-golfklubb...","timestamp":"2019-10-03T16:59:09.627Z"}
{"level":"info","message":"Listening on port 3000...","timestamp":"2019-10-03T18:39:25.305Z"}
{"level":"info","message":"Connected to mongodb://localhost/vasteras-golfklubb...","timestamp":"2019-10-03T18:39:27.322Z"}
{"level":"info","message":"Listening on port 3000...","timestamp":"2019-10-03T18:40:38.399Z"}
{"level":"info","message":"Connected to mongodb://localhost/vasteras-golfklubb...","timestamp":"2019-10-03T18:40:40.416Z"}
{"level":"info","message":"Listening on port 3000...","timestamp":"2019-10-03T18:40:58.017Z"}
{"level":"info","message":"Connected to mongodb://localhost/vasteras-golfklubb...","timestamp":"2019-10-03T18:41:00.034Z"}
{"level":"info","message":"Listening on port 3000...","timestamp":"2019-10-03T18:41:53.685Z"}
{"level":"info","message":"Connected to mongodb://localhost/vasteras-golfklubb...","timestamp":"2019-10-03T18:41:55.702Z"}
{"level":"info","message":"Listening on port 3000...","timestamp":"2019-10-03T18:55:40.684Z"}
{"level":"info","message":"Connected to mongodb://localhost/vasteras-golfklubb...","timestamp":"2019-10-03T18:55:42.699Z"}
{"level":"info","message":"Listening on port 3000...","timestamp":"2019-10-03T19:01:21.055Z"}
{"level":"info","message":"Connected to mongodb://localhost/vasteras-golfklubb...","timestamp":"2019-10-03T19:01:23.069Z"}
{"level":"info","message":"Listening on port 3000...","timestamp":"2019-10-03T19:01:42.514Z"}
{"level":"info","message":"Connected to mongodb://localhost/vasteras-golfklubb...","timestamp":"2019-10-03T19:01:44.528Z"}
{"level":"info","message":"Listening on port 3000...","timestamp":"2019-10-03T19:09:37.303Z"}
{"level":"info","message":"Connected to mongodb://localhost/vasteras-golfklubb...","timestamp":"2019-10-03T19:09:39.318Z"}
{"level":"info","message":"Listening on port 3000...","timestamp":"2019-10-03T19:09:52.673Z"}
{"level":"info","message":"Connected to mongodb://localhost/vasteras-golfklubb...","timestamp":"2019-10-03T19:09:54.685Z"}
{"level":"info","message":"Listening on port 3000...","timestamp":"2019-10-03T19:11:02.789Z"}
{"level":"info","message":"Connected to mongodb://localhost/vasteras-golfklubb...","timestamp":"2019-10-03T19:11:04.806Z"}
{"level":"info","message":"Listening on port 3000...","timestamp":"2019-10-03T19:11:46.550Z"}
{"level":"info","message":"Connected to mongodb://localhost/vasteras-golfklubb...","timestamp":"2019-10-03T19:11:48.571Z"}
{"level":"info","message":"Listening on port 3000...","timestamp":"2019-10-04T09:13:54.579Z"}
{"level":"info","message":"Connected to mongodb://localhost/vasteras-golfklubb...","timestamp":"2019-10-04T09:13:55.609Z"}
{"level":"info","message":"Listening on port 3000...","timestamp":"2019-10-04T09:38:06.237Z"}
{"level":"info","message":"Connected to mongodb://localhost/vasteras-golfklubb...","timestamp":"2019-10-04T09:38:07.261Z"}
{"level":"info","message":"Listening on port 3000...","timestamp":"2019-10-04T09:38:25.671Z"}
{"level":"info","message":"Connected to mongodb://localhost/vasteras-golfklubb...","timestamp":"2019-10-04T09:38:26.708Z"}
{"level":"info","message":"Listening on port 3000...","timestamp":"2019-10-04T09:38:31.072Z"}
{"level":"info","message":"Connected to mongodb://localhost/vasteras-golfklubb...","timestamp":"2019-10-04T09:38:32.100Z"}
{"level":"info","message":"Listening on port 3000...","timestamp":"2019-10-04T09:38:42.128Z"}
{"level":"info","message":"Connected to mongodb://localhost/vasteras-golfklubb...","timestamp":"2019-10-04T09:38:43.144Z"}
{"level":"info","message":"Listening on port 3000...","timestamp":"2019-10-04T09:39:40.090Z"}
{"level":"info","message":"Connected to mongodb://localhost/vasteras-golfklubb...","timestamp":"2019-10-04T09:39:41.116Z"}
{"level":"info","message":"Listening on port 3000...","timestamp":"2019-10-04T09:41:02.527Z"}
{"level":"info","message":"Connected to mongodb://localhost/vasteras-golfklubb...","timestamp":"2019-10-04T09:41:03.618Z"}
{"level":"info","message":"Listening on port 3000...","timestamp":"2019-10-04T09:41:10.748Z"}
{"level":"info","message":"Connected to mongodb://localhost/vasteras-golfklubb...","timestamp":"2019-10-04T09:41:11.924Z"}
{"level":"info","message":"Listening on port 3000...","timestamp":"2019-10-04T09:41:22.738Z"}
{"level":"info","message":"Connected to mongodb://localhost/vasteras-golfklubb...","timestamp":"2019-10-04T09:41:24.159Z"}
{"level":"info","message":"Listening on port 3000...","timestamp":"2019-10-04T09:42:21.609Z"}
{"level":"info","message":"Connected to mongodb://localhost/vasteras-golfklubb...","timestamp":"2019-10-04T09:42:22.988Z"}
{"level":"info","message":"Listening on port 3000...","timestamp":"2019-10-04T09:42:52.468Z"}
{"level":"info","message":"Connected to mongodb://localhost/vasteras-golfklubb...","timestamp":"2019-10-04T09:42:53.509Z"}
{"level":"info","message":"Listening on port 3000...","timestamp":"2019-10-04T09:43:14.297Z"}
{"level":"info","message":"Connected to mongodb://localhost/vasteras-golfklubb...","timestamp":"2019-10-04T09:43:15.324Z"}
{"level":"info","message":"Listening on port 3000...","timestamp":"2019-10-04T09:43:55.262Z"}
{"level":"info","message":"Connected to mongodb://localhost/vasteras-golfklubb...","timestamp":"2019-10-04T09:43:56.308Z"}
{"level":"info","message":"Listening on port 3000...","timestamp":"2019-10-04T09:44:02.559Z"}
{"level":"info","message":"Connected to mongodb://localhost/vasteras-golfklubb...","timestamp":"2019-10-04T09:44:03.607Z"}
{"level":"info","message":"Listening on port 3000...","timestamp":"2019-10-04T09:44:53.282Z"}
{"level":"info","message":"Connected to mongodb://localhost/vasteras-golfklubb...","timestamp":"2019-10-04T09:44:54.316Z"}
{"level":"info","message":"Listening on port 3000...","timestamp":"2019-10-04T11:02:45.054Z"}
{"level":"info","message":"Connected to mongodb://localhost/vasteras-golfklubb...","timestamp":"2019-10-04T11:02:46.097Z"}
{"level":"info","message":"Listening on port 3000...","timestamp":"2019-10-04T11:02:48.428Z"}
{"level":"info","message":"Connected to mongodb://localhost/vasteras-golfklubb...","timestamp":"2019-10-04T11:02:49.466Z"}
{"level":"info","message":"Listening on port 3000...","timestamp":"2019-10-04T11:05:25.057Z"}
{"level":"info","message":"Connected to mongodb://localhost/vasteras-golfklubb...","timestamp":"2019-10-04T11:05:26.097Z"}
